<html>
<head>
<title>TestNG:  SmartSuite Web Testsuite</title>
<link href="../testng.css" rel="stylesheet" type="text/css" />
<link href="../my-testng.css" rel="stylesheet" type="text/css" />

<style type="text/css">
.log { display: none;} 
.stack-trace { display: none;} 
</style>
<script type="text/javascript">
<!--
function flip(e) {
  current = e.style.display;
  if (current == 'block') {
    e.style.display = 'none';
    return 0;
  }
  else {
    e.style.display = 'block';
    return 1;
  }
}

function toggleBox(szDivId, elem, msg1, msg2)
{
  var res = -1;  if (document.getElementById) {
    res = flip(document.getElementById(szDivId));
  }
  else if (document.all) {
    // this is the way old msie versions work
    res = flip(document.all[szDivId]);
  }
  if(elem) {
    if(res == 0) elem.innerHTML = msg1; else elem.innerHTML = msg2;
  }

}

function toggleAllBoxes() {
  if (document.getElementsByTagName) {
    d = document.getElementsByTagName('div');
    for (i = 0; i < d.length; i++) {
      if (d[i].className == 'log') {
        flip(d[i]);
      }
    }
  }
}

// -->
</script>

</head>
<body>
<h2 align='center'>SmartSuite Web Testsuite</h2><table border='1' align="center">
<tr>
<td>Tests passed/Failed/Skipped:</td><td>82/1/3</td>
</tr><tr>
<td>Started on:</td><td>Thu Jul 13 08:59:15 CDT 2023</td>
</tr>
<tr><td>Total time:</td><td>1311 seconds (1311395 ms)</td>
</tr><tr>
<td>Included groups:</td><td></td>
</tr><tr>
<td>Excluded groups:</td><td></td>
</tr>
</table><p/>
<small><i>(Hover the method name to see the test class name)</i></small><p/>
<table width='100%' border='1' class='invocation-failed'>
<tr><td colspan='4' align='center'><b>FAILED TESTS</b></td></tr>
<tr><td><b>Test method</b></td>
<td width="30%"><b>Exception</b></td>
<td width="10%"><b>Time (seconds)</b></td>
<td><b>Instance</b></td>
</tr>
<tr>
<td title='personalProfile.SentItems.PageLogSearchTest.testcases_personalProfile_SentItems_PageLogSearchTest()'><b>testcases_personalProfile_SentItems_PageLogSearchTest</b><br>Test class: personalProfile.SentItems.PageLogSearchTest<br>Parameters: Y, TC10420-US52651 PAGE-LOG-SEARCH-BY-MESSAGE, 9999, Oncall History Search Tab Test Message, Oncall History, , , , , , , Oncall History Search Tab Test Message, 1</td>
<td><div><pre>java.lang.AssertionError: expected [Able to retrieve the size of the WebElement &quot;List of Search Results&quot;] but found [Error: Unable to retrieve the size of the WebElement &quot;List of Search Results&quot;]
	at utilityClasses.ReportLoggerMethods.getSize(ReportLoggerMethods.java:433)
	at ssWeb.pageMethods.PersonalProfile_SentItemsPage.getSearchResultCount(PersonalProfile_SentItemsPage.java:71)
	at ssWeb.pageMethods.PersonalProfile_SentItemsPage.verifyPageLogSearchResults(PersonalProfile_SentItemsPage.java:85)
	at personalProfile.SentItems.PageLogSearchTest.testcases_personalProfile_SentItems_PageLogSearchTest(PageLogSearchTest.java:77)
	at java.util.ArrayList.forEach(ArrayList.java:1259)
	at java.util.concurrent.FutureTask.run(FutureTask.java:266)
	at java.util.concurrent.ThreadPoolExecutor.runWorker(ThreadPoolExecutor.java:1149)
	at java.util.concurrent.ThreadPoolExecutor$Worker.run(ThreadPoolExecutor.java:624)
	at java.lang.Thread.run(Thread.java:748)
... Removed 24 stack frames</pre></div><a href='#' onClick='toggleBox("stack-trace1805071430", this, "Click to show all stack frames", "Click to hide stack frames")'>Click to show all stack frames</a>
<div class='stack-trace' id='stack-trace1805071430'><pre>java.lang.AssertionError: expected [Able to retrieve the size of the WebElement &quot;List of Search Results&quot;] but found [Error: Unable to retrieve the size of the WebElement &quot;List of Search Results&quot;]
	at org.testng.Assert.fail(Assert.java:99)
	at org.testng.Assert.failNotEquals(Assert.java:1037)
	at org.testng.Assert.assertEqualsImpl(Assert.java:140)
	at org.testng.Assert.assertEquals(Assert.java:122)
	at org.testng.Assert.assertEquals(Assert.java:629)
	at org.testng.Assert.assertEquals(Assert.java:639)
	at utilityClasses.ReportLoggerMethods.getSize(ReportLoggerMethods.java:433)
	at ssWeb.pageMethods.PersonalProfile_SentItemsPage.getSearchResultCount(PersonalProfile_SentItemsPage.java:71)
	at ssWeb.pageMethods.PersonalProfile_SentItemsPage.verifyPageLogSearchResults(PersonalProfile_SentItemsPage.java:85)
	at personalProfile.SentItems.PageLogSearchTest.testcases_personalProfile_SentItems_PageLogSearchTest(PageLogSearchTest.java:77)
	at sun.reflect.NativeMethodAccessorImpl.invoke0(Native Method)
	at sun.reflect.NativeMethodAccessorImpl.invoke(NativeMethodAccessorImpl.java:62)
	at sun.reflect.DelegatingMethodAccessorImpl.invoke(DelegatingMethodAccessorImpl.java:43)
	at java.lang.reflect.Method.invoke(Method.java:498)
	at org.testng.internal.MethodInvocationHelper.invokeMethod(MethodInvocationHelper.java:133)
	at org.testng.internal.TestInvoker.invokeMethod(TestInvoker.java:598)
	at org.testng.internal.TestInvoker.retryFailed(TestInvoker.java:213)
	at org.testng.internal.MethodRunner.runInSequence(MethodRunner.java:58)
	at org.testng.internal.TestInvoker$MethodInvocationAgent.invoke(TestInvoker.java:824)
	at org.testng.internal.TestInvoker.invokeTestMethods(TestInvoker.java:146)
	at org.testng.internal.TestMethodWorker.invokeTestMethods(TestMethodWorker.java:146)
	at org.testng.internal.TestMethodWorker.run(TestMethodWorker.java:128)
	at java.util.ArrayList.forEach(ArrayList.java:1259)
	at org.testng.TestRunner.privateRun(TestRunner.java:794)
	at org.testng.TestRunner.run(TestRunner.java:596)
	at org.testng.SuiteRunner.runTest(SuiteRunner.java:377)
	at org.testng.SuiteRunner.access$000(SuiteRunner.java:28)
	at org.testng.SuiteRunner$SuiteWorker.run(SuiteRunner.java:418)
	at org.testng.internal.thread.ThreadUtil.lambda$execute$0(ThreadUtil.java:64)
	at java.util.concurrent.FutureTask.run(FutureTask.java:266)
	at java.util.concurrent.ThreadPoolExecutor.runWorker(ThreadPoolExecutor.java:1149)
	at java.util.concurrent.ThreadPoolExecutor$Worker.run(ThreadPoolExecutor.java:624)
	at java.lang.Thread.run(Thread.java:748)
</pre></div></td>
<td>11</td>
<td>personalProfile.SentItems.PageLogSearchTest@33b37288</td></tr>
</table><p>
<table width='100%' border='1' class='invocation-passed'>
<tr><td colspan='4' align='center'><b>PASSED TESTS</b></td></tr>
<tr><td><b>Test method</b></td>
<td width="30%"><b>Exception</b></td>
<td width="10%"><b>Time (seconds)</b></td>
<td><b>Instance</b></td>
</tr>
<tr>
<td title='personalProfile.Profile.AddModifyDeleteInstructionsTest.testcases_personalProfile_Profile_AddModifyDeleteInstructionsTest()'><b>testcases_personalProfile_Profile_AddModifyDeleteInstructionsTest</b><br>Test class: personalProfile.Profile.AddModifyDeleteInstructionsTest<br>Parameters: Y, TC10449-TC9954-TC10450-US53507 PERSONAL-PROFILE-INSTRUCTIONS, This is a Smart Web TAF Instruction Test, 9999, 1</td>
<td></td>
<td>14</td>
<td>personalProfile.Profile.AddModifyDeleteInstructionsTest@166fa74d</td></tr>
<tr>
<td title='personalProfile.Profile.AddCurrentExceptionTest.testcases_personalProfile_Profile_AddCurrentExceptionTest()'><b>testcases_personalProfile_Profile_AddCurrentExceptionTest</b><br>Test class: personalProfile.Profile.AddCurrentExceptionTest<br>Parameters: Y, TC10404-ADD-COVERAGE-EXCEPTION, Coverage, 9990, 30, July, 2023, 12, 00, PM, CENTRAL, Coverage, 1</td>
<td></td>
<td>25</td>
<td>personalProfile.Profile.AddCurrentExceptionTest@2f490758</td></tr>
<tr>
<td title='onCall.History.SearchTest.testcases_onCall_History_SearchTest()'><b>testcases_onCall_History_SearchTest</b><br>Test class: onCall.History.SearchTest<br>Parameters: Y, TC42688-US52630 ON-CALL-SEARCH-ON-HISTORY-TAB, 1990, TAFONCALLGROUP [9980], 08-Mar-2023 08:00 AM, 1</td>
<td></td>
<td>8</td>
<td>onCall.History.SearchTest@6c9f5c0d</td></tr>
<tr>
<td title='personalProfile.PictureUpload.PictureUploadTest.testcases_personalProfile_PictureUpload_PictureUploadTest()'><b>testcases_personalProfile_PictureUpload_PictureUploadTest</b><br>Test class: personalProfile.PictureUpload.PictureUploadTest<br>Parameters: Y, TC10448-US52652 UPLOAD-WRONG-FILETYPE, /src/main/java/upload/PictureUploadIncorrectFile, Cannot upload files other than JPG, GIF, or PNG files., 1</td>
<td></td>
<td>8</td>
<td>personalProfile.PictureUpload.PictureUploadTest@1188e820</td></tr>
<tr>
<td title='directorySearch.SearchTest.testcases_directorySearch_SearchTest()'><b>testcases_directorySearch_SearchTest</b><br>Test class: directorySearch.SearchTest<br>Parameters: Y, TC9946-US52602 DIRECTORY-SEARCH-BY-TITLE, , , , , INTERN, , , TAFLastName, TAFFirstName, 555-666 [WORK], INTERN, ADMINISTRATION, TestALIAS, 1, 1.0, 3</td>
<td></td>
<td>8</td>
<td>directorySearch.SearchTest@1ad282e0</td></tr>
<tr>
<td title='onCall.CalenderAssignment.CalenderNavigationTest.testcases_onCall_CalenderAssignment_CalenderNavigationTest()'><b>testcases_onCall_CalenderAssignment_CalenderNavigationTest</b><br>Test class: onCall.CalenderAssignment.CalenderNavigationTest<br>Parameters: Y, TC10380-US52625 NAVIGATION-CALENDAR-ASSIGNMENT, Forward, 1, 1</td>
<td></td>
<td>15</td>
<td>onCall.CalenderAssignment.CalenderNavigationTest@71d15f18</td></tr>
<tr>
<td title='generalSmartSuite.QuickPageLinkTest.testcases_generalSmartSuite_QuickPageLinkTest()'><b>testcases_generalSmartSuite_QuickPageLinkTest</b><br>Test class: generalSmartSuite.QuickPageLinkTest<br>Parameters: Y, TC43147-US52643 PAGING-QUICK-PAGE-LINK-TOP-RIGHT-OF-PAGE, 9999, Send Page via 'Quick Page' Link, 1</td>
<td></td>
<td>27</td>
<td>generalSmartSuite.QuickPageLinkTest@1e4a7dd4</td></tr>
<tr>
<td title='globalSearch.SearchTest.testcases_globalSearch_SearchTest()'><b>testcases_globalSearch_SearchTest</b><br>Test class: globalSearch.SearchTest<br>Parameters: Y, TC10768-US52621 GLOBAL-SEARCH-SEARCH-FOR-PRONUNCIATION, TAFPronunciation, n, y, y, y, 100, n, , n, , TAFLastName, TAFFirstName, Profile, INTERN, ADMINISTRATION, , , 1, 1.0, 12</td>
<td></td>
<td>1</td>
<td>globalSearch.SearchTest@5e955596</td></tr>
<tr>
<td title='personalProfile.Profile.AddCurrentExceptionTest.testcases_personalProfile_Profile_AddCurrentExceptionTest()'><b>testcases_personalProfile_Profile_AddCurrentExceptionTest</b><br>Test class: personalProfile.Profile.AddCurrentExceptionTest<br>Parameters: Y, TC10405-US52647 ADD-REFERRAL-EXCEPTION, Referral, 123456789, 30, July, 2023, 12, 00, PM, CENTRAL, Referral, 2</td>
<td></td>
<td>25</td>
<td>personalProfile.Profile.AddCurrentExceptionTest@2f490758</td></tr>
<tr>
<td title='onCall.BlockAssignment.CreateModifyAndDeleteAssignmentTest.testcases_onCall_BlockAssignment_CreateModifyAndDeleteAssignmentTest()'><b>testcases_onCall_BlockAssignment_CreateModifyAndDeleteAssignmentTest</b><br>Test class: onCall.BlockAssignment.CreateModifyAndDeleteAssignmentTest<br>Parameters: Y, TC10373-TC10374-TC10375-US53497 ON-CALL-BLOCK-ASSIGNMENT-ADD-EDIT-DELETE-ASSIGNMENT, TAFONCALLGROUP, 9999, 8:00 AM, 8:00 PM, 9999, TAFLastName, TAFFirstName, 07-Jul-2023 08:00 AM, 07-Jul-2023 08:00 PM, 9:30 AM, 9:30 PM, 07-Jul-2023 09:30 AM, 07-Jul-2023 09:30 PM, 1</td>
<td></td>
<td>27</td>
<td>onCall.BlockAssignment.CreateModifyAndDeleteAssignmentTest@3439f68d</td></tr>
<tr>
<td title='globalSearch.AdvancedSearchLinksTest.testcases_globalSearch_AdvancedSearchLinksTest()'><b>testcases_globalSearch_AdvancedSearchLinksTest</b><br>Test class: globalSearch.AdvancedSearchLinksTest<br>Parameters: Y, TC23241-US52622 GLOBAL-SEARCH-ADVANCED-SEARCH-LINKS, Oncall Search, 3</td>
<td></td>
<td>1</td>
<td>globalSearch.AdvancedSearchLinksTest@1cab0bfb</td></tr>
<tr>
<td title='onCall.NavigateTreesTest.testcases_onCall_NavigateTreesTest()'><b>testcases_onCall_NavigateTreesTest</b><br>Test class: onCall.NavigateTreesTest<br>Parameters: Y, TC23236-US52626 NAVIGATION-ON-CALL-HIDE-AND-SHOW-TREE-BUTTONS, Calender Assignment, 3</td>
<td></td>
<td>6</td>
<td>onCall.NavigateTreesTest@2473b9ce</td></tr>
<tr>
<td title='globalSearch.AdvancedSearchLinksTest.testcases_globalSearch_AdvancedSearchLinksTest()'><b>testcases_globalSearch_AdvancedSearchLinksTest</b><br>Test class: globalSearch.AdvancedSearchLinksTest<br>Parameters: Y, TC23241-US52622 GLOBAL-SEARCH-ADVANCED-SEARCH-LINKS, Paging Search, 2</td>
<td></td>
<td>1</td>
<td>globalSearch.AdvancedSearchLinksTest@1cab0bfb</td></tr>
<tr>
<td title='personalProfile.Profile.DirectoryInfoTest.testcases_personalProfile_Profile_DirectoryInfoTest()'><b>testcases_personalProfile_Profile_DirectoryInfoTest</b><br>Test class: personalProfile.Profile.DirectoryInfoTest<br>Parameters: Y, TC10414-TC10415-TC10416-US53503 PERSONAL-PROFILE-DIRECTORY-INFORMATION, ADMINISTRATION, 123-456-789, FAX, HOME, Test, Boulevard, Minneapolis, Minnesota, 55111, Test Boulevard Minneapolis MN 55111 USA, HOME, 1</td>
<td></td>
<td>23</td>
<td>personalProfile.Profile.DirectoryInfoTest@40f08448</td></tr>
<tr>
<td title='onCall.SchedulerAssignment.MoveAssignmentTest.testcases_onCall_SchedulerAssignment_MoveAssignmentTest()'><b>testcases_onCall_SchedulerAssignment_MoveAssignmentTest</b><br>Test class: onCall.SchedulerAssignment.MoveAssignmentTest<br>Parameters: Y, TC42747-US52634 ON-CALL-SCHEDULER-ASSIGNMENT-NEXT-SHIFT, TAFONCALLGROUP, , 9999, next shift, 1</td>
<td></td>
<td>53</td>
<td>onCall.SchedulerAssignment.MoveAssignmentTest@2bea5ab4</td></tr>
<tr>
<td title='personalProfile.Profile.AddFutureExceptionTest.testcases_personalProfile_Profile_AddFutureExceptionTest()'><b>testcases_personalProfile_Profile_AddFutureExceptionTest</b><br>Test class: personalProfile.Profile.AddFutureExceptionTest<br>Parameters: Y, TC10405-US52647 ADD-REFERRAL-EXCEPTION, Referral, 123456789, 30, January, 2024, 12, 00, PM, 01, January, 2025, 12, 00, PM, CENTRAL, Referral, 30-Jan-2024 12:00 PM, 01-Jan-2025 12:00 PM, 1</td>
<td></td>
<td>27</td>
<td>personalProfile.Profile.AddFutureExceptionTest@101df177</td></tr>
<tr>
<td title='pagingTab.SearchTest.testcases_pagingTab_SearchTest()'><b>testcases_pagingTab_SearchTest</b><br>Test class: pagingTab.SearchTest<br>Parameters: Y, TC10398-US52641 PAGING-SEARCH-BY-DEPARTMENT, , , ADMINISTRATION, , , TAFLastName, TAFFirstName, ADMINISTRATION, IN HOSPITAL ON PAGE, SMTP (Alpha), 9999, 1, 1.0, 4</td>
<td></td>
<td>4</td>
<td>pagingTab.SearchTest@3bd94634</td></tr>
<tr>
<td title='globalSearch.SearchTest.testcases_globalSearch_SearchTest()'><b>testcases_globalSearch_SearchTest</b><br>Test class: globalSearch.SearchTest<br>Parameters: Y, TC10463-US52614 GLOBAL SEARCH-NON-INTEGER-VALUE-IN-MAX-ROWS-FIELD, %TAF%, n, y, y, y, f, n, , n, , , , , , , , Error Message, 0.0, 7</td>
<td></td>
<td>5</td>
<td>globalSearch.SearchTest@5e955596</td></tr>
<tr>
<td title='personalProfile.QuickViewSettings.AddOncallGroupTest.testcases_personalProfile_QuickViewSettings_AddOncallGroupTest()'><b>testcases_personalProfile_QuickViewSettings_AddOncallGroupTest</b><br>Test class: personalProfile.QuickViewSettings.AddOncallGroupTest<br>Parameters: Y, TC10402-TC10403-US53502 QUICK-VIEW-SETTINGS-ADD-REMOVE-ONCALL-GROUPS, TAFONCALLGROUP [ ID: 9980 ], TAFONCALLGROUP [9980], 1</td>
<td></td>
<td>25</td>
<td>personalProfile.QuickViewSettings.AddOncallGroupTest@588df31b</td></tr>
<tr>
<td title='onCall.SchedulerAssignment.ShowShiftsTest.testcases_onCall_SchedulerAssignment_ShowShiftsTest()'><b>testcases_onCall_SchedulerAssignment_ShowShiftsTest</b><br>Test class: onCall.SchedulerAssignment.ShowShiftsTest<br>Parameters: Y, TC42686-US52629 ON-CALL-SEARCH-ON-SCHEDULER-ASSIGNMENT-TAB, , 9980, TAFONCALLGROUP [9980], 1</td>
<td></td>
<td>15</td>
<td>onCall.SchedulerAssignment.ShowShiftsTest@530612ba</td></tr>
<tr>
<td title='personalProfile.Profile.StatusUpdateTest.testcases_personalProfile_Profile_StatusUpdateTest()'><b>testcases_personalProfile_Profile_StatusUpdateTest</b><br>Test class: personalProfile.Profile.StatusUpdateTest<br>Parameters: Y, TC10928-US52653 STATUS-UPDATE-TO-1-USER DEFINED, 2 IN HOSPITAL ON PAGE, , 2, IN HOSPITAL ON PAGE, 2</td>
<td></td>
<td>10</td>
<td>personalProfile.Profile.StatusUpdateTest@276438c9</td></tr>
<tr>
<td title='onCall.SearchTodayPersonQuickViewTabsTest.testcases_onCall_SearchTodayTabTest()'><b>testcases_onCall_SearchTodayTabTest</b><br>Test class: onCall.SearchTodayPersonQuickViewTabsTest<br>Parameters: Y, TC42683-TC42687-TC42685-US53499 ON-CALL-TODAY-PERSON-ASSIGNMENT-QUICK-VIEW-TAB, TAFONCALLGROUP, 9999, Search Remark, TAFONCALLGROUP, 9999, TAFLastName, TAFFirstName [ Msg Id 9999 ], 9999, 9999, 1</td>
<td></td>
<td>54</td>
<td>onCall.SearchTodayPersonQuickViewTabsTest@60438a68</td></tr>
<tr>
<td title='onCall.CalenderAssignment.CalenderNavigationTest.testcases_onCall_CalenderAssignment_CalenderNavigationTest()'><b>testcases_onCall_CalenderAssignment_CalenderNavigationTest</b><br>Test class: onCall.CalenderAssignment.CalenderNavigationTest<br>Parameters: Y, TC10380-US52625 NAVIGATION-CALENDAR-ASSIGNMENT, Backward, 1, 2</td>
<td></td>
<td>15</td>
<td>onCall.CalenderAssignment.CalenderNavigationTest@71d15f18</td></tr>
<tr>
<td title='personalProfile.Inbox.SearchArchivedMessagesTest.testcases_personalProfile_Inbox_SearchArchivedMessagesTest()'><b>testcases_personalProfile_Inbox_SearchArchivedMessagesTest</b><br>Test class: personalProfile.Inbox.SearchArchivedMessagesTest<br>Parameters: Y, TC10440-TC10441-TC10442-US53506 ARCHIVED-MESSAGES-SEARCH-BY-DATE-MESSAGE-SENDER, , , , , Y, , , Y, 3</td>
<td></td>
<td>19</td>
<td>personalProfile.Inbox.SearchArchivedMessagesTest@1d7acb34</td></tr>
<tr>
<td title='directorySearch.SearchTest.testcases_directorySearch_SearchTest()'><b>testcases_directorySearch_SearchTest</b><br>Test class: directorySearch.SearchTest<br>Parameters: Y, TC42562-US52598 DIRECTORY-SEARCH-BY-ALIAS, , , , , , , TestALIAS, TAFLastName, TAFFirstName, 555-666 [WORK], INTERN, ADMINISTRATION, TestALIAS, 51, 51.0, 6</td>
<td></td>
<td>9</td>
<td>directorySearch.SearchTest@1ad282e0</td></tr>
<tr>
<td title='globalSearch.SearchTest.testcases_globalSearch_SearchTest()'><b>testcases_globalSearch_SearchTest</b><br>Test class: globalSearch.SearchTest<br>Parameters: Y, TC10580-US52617 GLOBAL-SEARCH-SEARCH-FOR-MESSAGING-ID, 9999, n, y, y, y, 100, y, 9999, n, , TAFLastName, TAFFirstName, Profile, INTERN, ADMINISTRATION, , , 1, 1.0, 8</td>
<td></td>
<td>4</td>
<td>globalSearch.SearchTest@5e955596</td></tr>
<tr>
<td title='globalSearch.SearchTest.testcases_globalSearch_SearchTest()'><b>testcases_globalSearch_SearchTest</b><br>Test class: globalSearch.SearchTest<br>Parameters: Y, TC10460-US52613 GLOBAL-SEARCH-MAX-ROWS-OF-1, %TAF%, n, y, y, y, 3, n, , n, , [TAF], [TAF] [TAF], Profile, , , , , 3, 3.0, 6</td>
<td></td>
<td>1</td>
<td>globalSearch.SearchTest@5e955596</td></tr>
<tr>
<td title='onCall.SchedulerAssignment.AddInstructionsToGroupTest.testcases_onCall_SchedulerAssignment_AddInstructionsToGroupTest()'><b>testcases_onCall_SchedulerAssignment_AddInstructionsToGroupTest</b><br>Test class: onCall.SchedulerAssignment.AddInstructionsToGroupTest<br>Parameters: Y, TC9330-TC42728-TC9332-US53500 ON-CALL-ADD-AND-DELETE-INSTRUCTIONS-FOR-GROUP, TAFONCALLGROUP, Automation Test instruction, Modified Test Instructions, 1</td>
<td></td>
<td>83</td>
<td>onCall.SchedulerAssignment.AddInstructionsToGroupTest@de3a06f</td></tr>
<tr>
<td title='onCall.Search.SearchTest.testcases_onCall_Search_SearchTest()'><b>testcases_onCall_Search_SearchTest</b><br>Test class: onCall.Search.SearchTest<br>Parameters: Y, TC42684-US52628 ON-CALL-SEARCH-ON-SEARCH-TAB, TAFONCALLGROUP, , TAFONCALLGROUP [9980], 1</td>
<td></td>
<td>2</td>
<td>onCall.Search.SearchTest@2a40cd94</td></tr>
<tr>
<td title='pagingTab.SendPageTest.testcases_pagingTab_SendPageTest()'><b>testcases_pagingTab_SendPageTest</b><br>Test class: pagingTab.SendPageTest<br>Parameters: Y, TC10387-US52636 PAGING-EXECUTE-A-NUMERIC-PAGE, TAFFirstName, TAFLastName, TAFLastName, TAFFirstName, Random Number, 2</td>
<td></td>
<td>20</td>
<td>pagingTab.SendPageTest@58a90037</td></tr>
<tr>
<td title='personalProfile.Inbox.SearchActiveMessagesTest.testcases_personalProfile_Inbox_SearchActiveMessagesTest()'><b>testcases_personalProfile_Inbox_SearchActiveMessagesTest</b><br>Test class: personalProfile.Inbox.SearchActiveMessagesTest<br>Parameters: Y, TC10433-TC10434-TC10435-US53508 ACTIVE-MESSAGES-SEARCH-BY-DATE-MESSAGE-SENDER, 9999, Send Page via 'Quick Page' Link, 9999, , n, 9999, , , 1</td>
<td></td>
<td>21</td>
<td>personalProfile.Inbox.SearchActiveMessagesTest@5f71c76a</td></tr>
<tr>
<td title='personalProfile.Inbox.SearchActiveMessagesTest.testcases_personalProfile_Inbox_SearchActiveMessagesTest()'><b>testcases_personalProfile_Inbox_SearchActiveMessagesTest</b><br>Test class: personalProfile.Inbox.SearchActiveMessagesTest<br>Parameters: Y, TC10440-TC10441-TC10442-US53506 ARCHIVED-MESSAGES-SEARCH-BY-DATE-MESSAGE-SENDER, 9999, Send Page via 'Quick Page' Link, , Send Page via 'Quick Page' Link, n, , Send Page via 'Quick Page' Link, , 2</td>
<td></td>
<td>24</td>
<td>personalProfile.Inbox.SearchActiveMessagesTest@5f71c76a</td></tr>
<tr>
<td title='directorySearch.SearchTest.testcases_directorySearch_SearchTest()'><b>testcases_directorySearch_SearchTest</b><br>Test class: directorySearch.SearchTest<br>Parameters: Y, TC42616-US52599 DIRECTORY-SEARCH-WITH-SPECIAL-CHARACTERS, %]%, %]%, , , , , , [TAF], [TAF] [TAF], 555-777 [WORK], , , , 1, 1.0, 7</td>
<td></td>
<td>8</td>
<td>directorySearch.SearchTest@1ad282e0</td></tr>
<tr>
<td title='directorySearch.SendPageTest.testcases_directorySearch_SendPageTest()'><b>testcases_directorySearch_SendPageTest</b><br>Test class: directorySearch.SendPageTest<br>Parameters: Y, TC9949-US52605 - Directory: Send Page from Directory Search Results, TAFFirstName, TAFLastName, 9999, TAFLastName, TAFFirstName, This is a Smart Web Test Message., 1</td>
<td></td>
<td>13</td>
<td>directorySearch.SendPageTest@7f416310</td></tr>
<tr>
<td title='general.EncryptPasswords.testcases_generalSmartSuite_LoginTest()'><b>testcases_generalSmartSuite_LoginTest</b><br>Test class: general.EncryptPasswords<br>Parameters: QA, , 9999, , OTk5OQ==, 1</td>
<td></td>
<td>0</td>
<td>general.EncryptPasswords@6366ebe0</td></tr>
<tr>
<td title='onCall.NavigateTreesTest.testcases_onCall_NavigateTreesTest()'><b>testcases_onCall_NavigateTreesTest</b><br>Test class: onCall.NavigateTreesTest<br>Parameters: Y, TC23236-US52626 NAVIGATION-ON-CALL-HIDE-AND-SHOW-TREE-BUTTONS, Block Assignment, 1</td>
<td></td>
<td>6</td>
<td>onCall.NavigateTreesTest@2473b9ce</td></tr>
<tr>
<td title='directorySearch.SearchTest.testcases_directorySearch_SearchTest()'><b>testcases_directorySearch_SearchTest</b><br>Test class: directorySearch.SearchTest<br>Parameters: Y, TC9948-US52604 DIRECTORY-SEARCH-WITH-MULTIPLE-FIELDS, TAFFirstName, TAFLastName, , , INTERN, ADMINISTRATION, , TAFLastName, TAFFirstName, 555-666 [WORK], INTERN, ADMINISTRATION, TestALIAS, 1, 1.0, 4</td>
<td></td>
<td>9</td>
<td>directorySearch.SearchTest@1ad282e0</td></tr>
<tr>
<td title='onCall.BlockAssignment.NonMemberSearch.testcases_onCall_BlockAssignment_NonMemberSearch()'><b>testcases_onCall_BlockAssignment_NonMemberSearch</b><br>Test class: onCall.BlockAssignment.NonMemberSearch<br>Parameters: Y, TC42733-US52633 ON-CALL-BLOCK-ASSIGNMENT-NON-MEMBER-SEARCH, TAFONCALLGROUP, TAFONCALLGROUP [ ID: 9980 ], 9990, 9990, [TAF], [TAF] [TAF], 1</td>
<td></td>
<td>6</td>
<td>onCall.BlockAssignment.NonMemberSearch@dbd940d</td></tr>
<tr>
<td title='personalProfile.Profile.AddCurrentExceptionTest.testcases_personalProfile_Profile_AddCurrentExceptionTest()'><b>testcases_personalProfile_Profile_AddCurrentExceptionTest</b><br>Test class: personalProfile.Profile.AddCurrentExceptionTest<br>Parameters: Y, TC10406-US52648 ADD-PAGE-BLOCK-EXCEPTION, Page Block, I am out golfing., 30, July, 2023, 12, 00, PM, CENTRAL, Page Block, 3</td>
<td></td>
<td>25</td>
<td>personalProfile.Profile.AddCurrentExceptionTest@2f490758</td></tr>
<tr>
<td title='onCall.CalenderAssignment.CreateModifyAndDeleteAssignmentTest.testcases_onCall_CalenderAssignment_CreateModifyAndDeleteAssignmentTest()'><b>testcases_onCall_CalenderAssignment_CreateModifyAndDeleteAssignmentTest</b><br>Test class: onCall.CalenderAssignment.CreateModifyAndDeleteAssignmentTest<br>Parameters: Y, TC10377-TC10378-TC10379-US53498 ON-CALL-CALENDAR-ASSIGNMENT-ADD-EDIT-DELETE-ASSIGNMENT, TAFONCALLGROUP, 9999, TAFLastName, TAFFirstName, 08:00 AM, 08:00 PM, CENTRAL, 09:30 AM, 09:30 PM, EASTERN, 1</td>
<td></td>
<td>40</td>
<td>onCall.CalenderAssignment.CreateModifyAndDeleteAssignmentTest@17695df3</td></tr>
<tr>
<td title='pagingTab.CreateAndSendToPersonalMessageGroupTest.testcases_pagingTab_CreateAndSendToPersonalMessageGroupTest()'><b>testcases_pagingTab_CreateAndSendToPersonalMessageGroupTest</b><br>Test class: pagingTab.CreateAndSendToPersonalMessageGroupTest<br>Parameters: Y, TC10386-US52636 PAGING-EXECUTE-A-PAGE, 9999, TAF Test Group, This is a Smart Web Test Message., 1</td>
<td></td>
<td>31</td>
<td>pagingTab.CreateAndSendToPersonalMessageGroupTest@f4168b8</td></tr>
<tr>
<td title='pagingTab.SendPageTest.testcases_pagingTab_SendPageTest()'><b>testcases_pagingTab_SendPageTest</b><br>Test class: pagingTab.SendPageTest<br>Parameters: Y, TC10386-US52636 PAGING-EXECUTE-A-PAGE, TAFFirstName, TAFLastName, TAFLastName, TAFFirstName, This is a Smart Web Test Message., 1</td>
<td></td>
<td>20</td>
<td>pagingTab.SendPageTest@58a90037</td></tr>
<tr>
<td title='personalProfile.DeviceManagement.SendToAllDevicesIconTest.testcases_personalProfile_DeviceManagement_SendToAllDevicesIconTest()'><b>testcases_personalProfile_DeviceManagement_SendToAllDevicesIconTest</b><br>Test class: personalProfile.DeviceManagement.SendToAllDevicesIconTest<br>Parameters: Y, TC10424-TC10425-TC14088-US53504 DEVICE-MGMT-ENABLE-DISABLE-SEND-TO-ALL-DEVICE-DISPLAY-AN-ICON, TAFLastName, 555-666, 1</td>
<td></td>
<td>35</td>
<td>personalProfile.DeviceManagement.SendToAllDevicesIconTest@130f889</td></tr>
<tr>
<td title='globalSearch.SearchTest.testcases_globalSearch_SearchTest()'><b>testcases_globalSearch_SearchTest</b><br>Test class: globalSearch.SearchTest<br>Parameters: Y, TC10581-US52618 GLOBAL-SEARCH-SEARCH-FOR-PAGING-ID, TAF@test.com, n, y, y, y, 100, n, , n, , TAFLastName, TAFFirstName, Profile, INTERN, ADMINISTRATION, , , 1, 1.0, 9</td>
<td></td>
<td>1</td>
<td>globalSearch.SearchTest@5e955596</td></tr>
<tr>
<td title='onCall.SchedulerAssignment.CreateModifyAndDeleteAssignmentTest.testcases_onCall_SchedulerAssignment_CreateModifyAndDeleteAssignmentTest()'><b>testcases_onCall_SchedulerAssignment_CreateModifyAndDeleteAssignmentTest</b><br>Test class: onCall.SchedulerAssignment.CreateModifyAndDeleteAssignmentTest<br>Parameters: Y, TC10370-TC10372-US53496 ON-CALL-SCHEDULER-ASSIGNMENT-ADD-DELETE-ASSIGNMENT, TAFONCALLGROUP, , 9999, Test, Modify Test, 1</td>
<td></td>
<td>56</td>
<td>onCall.SchedulerAssignment.CreateModifyAndDeleteAssignmentTest@76b10754</td></tr>
<tr>
<td title='onCall.SchedulerAssignment.SearchTest.testcases_onCall_SchedulerAssignment_SearchTest()'><b>testcases_onCall_SchedulerAssignment_SearchTest</b><br>Test class: onCall.SchedulerAssignment.SearchTest<br>Parameters: Y, TC42686-US52629 ON-CALL-SEARCH-ON-SCHEDULER-ASSIGNMENT-TAB, , 9980, TAFONCALLGROUP [9980], 1</td>
<td></td>
<td>14</td>
<td>onCall.SchedulerAssignment.SearchTest@3d8314f0</td></tr>
<tr>
<td title='generalSmartSuite.SendExternalQuickPageTest.testcases_generalSmartSuite_SendExternalQuickPageTest()'><b>testcases_generalSmartSuite_SendExternalQuickPageTest</b><br>Test class: generalSmartSuite.SendExternalQuickPageTest<br>Parameters: Y, TC42938-US52642 PAGING-EXTERNAL-QUICK-PAGE-URL, testing this message for eighty characters to see what happens when it goes over the limit so this is 107., 1</td>
<td></td>
<td>18</td>
<td>generalSmartSuite.SendExternalQuickPageTest@4f51b3e0</td></tr>
<tr>
<td title='personalProfile.DeviceManagement.AddModifyDeleteEmailTest.testcases_personalProfile_DeviceManagement_AddModifyDeleteEmailTest()'><b>testcases_personalProfile_DeviceManagement_AddModifyDeleteEmailTest</b><br>Test class: personalProfile.DeviceManagement.AddModifyDeleteEmailTest<br>Parameters: Y, TC10431-TC10427-TC10432-US53505 DEVICE-MGMT-ADD-EDIT-DELETE-EMAIL, 1, test@test.test, 1, test@testEDIT.test, 1</td>
<td></td>
<td>27</td>
<td>personalProfile.DeviceManagement.AddModifyDeleteEmailTest@70a9f84e</td></tr>
<tr>
<td title='globalSearch.SearchTest.testcases_globalSearch_SearchTest()'><b>testcases_globalSearch_SearchTest</b><br>Test class: globalSearch.SearchTest<br>Parameters: Y, TC10454-US52611 GLOBAL-SEARCH-SEARCH-ON-NONE, TAFFirstName, n, n, n, n, 100, n, , n, , TAFLastName, TAFFirstName, Profile, INTERN, ADMINISTRATION, , , 1, 1.0, 2</td>
<td></td>
<td>1</td>
<td>globalSearch.SearchTest@5e955596</td></tr>
<tr>
<td title='directorySearch.SearchTest.testcases_directorySearch_SearchTest()'><b>testcases_directorySearch_SearchTest</b><br>Test class: directorySearch.SearchTest<br>Parameters: Y, TC9947-US52603 DIRECTORY-SEARCH-FOR-NONEXISTENT-NAME, Bozothegreat, , , , , , , , , , , , 0, 0.0, 5</td>
<td></td>
<td>14</td>
<td>directorySearch.SearchTest@1ad282e0</td></tr>
<tr>
<td title='directorySearch.DetailViewSendPageTest.testcases_directorySearch_DetailViewSendPageTest()'><b>testcases_directorySearch_DetailViewSendPageTest</b><br>Test class: directorySearch.DetailViewSendPageTest<br>Parameters: Y, TC8595-US52644 SEND-PAGE-FROM-DIRECTORY-DETAIL-VIEW, TAFFirstName, TAFLastName, TAFLastName, TAFFirstName, This is a Smart Web Test Message., 1</td>
<td></td>
<td>18</td>
<td>directorySearch.DetailViewSendPageTest@133e16fd</td></tr>
<tr>
<td title='pagingTab.SearchTest.testcases_pagingTab_SearchTest()'><b>testcases_pagingTab_SearchTest</b><br>Test class: pagingTab.SearchTest<br>Parameters: Y, TC10396-US52639 PAGING-SEARCH-BY-FIRST-NAME, TAFFirstName, , , , , TAFLastName, TAFFirstName, ADMINISTRATION, IN HOSPITAL ON PAGE, SMTP (Alpha), 9999, 1, 1.0, 2</td>
<td></td>
<td>4</td>
<td>pagingTab.SearchTest@3bd94634</td></tr>
<tr>
<td title='globalSearch.AdvancedSearchLinksTest.testcases_globalSearch_AdvancedSearchLinksTest()'><b>testcases_globalSearch_AdvancedSearchLinksTest</b><br>Test class: globalSearch.AdvancedSearchLinksTest<br>Parameters: Y, TC23241-US52622 GLOBAL-SEARCH-ADVANCED-SEARCH-LINKS, Directory Search, 1</td>
<td></td>
<td>1</td>
<td>globalSearch.AdvancedSearchLinksTest@1cab0bfb</td></tr>
<tr>
<td title='globalSearch.SearchTest.testcases_globalSearch_SearchTest()'><b>testcases_globalSearch_SearchTest</b><br>Test class: globalSearch.SearchTest<br>Parameters: Y, TC10460-US52613 GLOBAL-SEARCH-MAX-ROWS-OF-1, %TAF%, n, y, y, y, 1, n, , n, , [TAF], [TAF] [TAF], Profile, , , , , 1, 1.0, 5</td>
<td></td>
<td>1</td>
<td>globalSearch.SearchTest@5e955596</td></tr>
<tr>
<td title='personalProfile.Inbox.SearchActiveMessagesTest.testcases_personalProfile_Inbox_SearchActiveMessagesTest()'><b>testcases_personalProfile_Inbox_SearchActiveMessagesTest</b><br>Test class: personalProfile.Inbox.SearchActiveMessagesTest<br>Parameters: Y, TC10440-TC10441-TC10442-US53506 ARCHIVED-MESSAGES-SEARCH-BY-DATE-MESSAGE-SENDER, 9999, Send Page via 'Quick Page' Link, , , Y, , , Y, 3</td>
<td></td>
<td>23</td>
<td>personalProfile.Inbox.SearchActiveMessagesTest@5f71c76a</td></tr>
<tr>
<td title='personalProfile.Profile.StatusUpdateTest.testcases_personalProfile_Profile_StatusUpdateTest()'><b>testcases_personalProfile_Profile_StatusUpdateTest</b><br>Test class: personalProfile.Profile.StatusUpdateTest<br>Parameters: Y, TC10928-US52653 STATUS-UPDATE-TO-1-USER DEFINED, -1 User Defined, TAF TEST STATUS, -1, TAF TEST STATUS, 1</td>
<td></td>
<td>11</td>
<td>personalProfile.Profile.StatusUpdateTest@276438c9</td></tr>
<tr>
<td title='personalProfile.Inbox.SearchArchivedMessagesTest.testcases_personalProfile_Inbox_SearchArchivedMessagesTest()'><b>testcases_personalProfile_Inbox_SearchArchivedMessagesTest</b><br>Test class: personalProfile.Inbox.SearchArchivedMessagesTest<br>Parameters: Y, TC10440-TC10441-TC10442-US53506 ARCHIVED-MESSAGES-SEARCH-BY-DATE-MESSAGE-SENDER, , , , Send Page via 'Quick Page' Link, n, , Send Page via 'Quick Page' Link, , 2</td>
<td></td>
<td>19</td>
<td>personalProfile.Inbox.SearchArchivedMessagesTest@1d7acb34</td></tr>
<tr>
<td title='globalSearch.SearchTest.testcases_globalSearch_SearchTest()'><b>testcases_globalSearch_SearchTest</b><br>Test class: globalSearch.SearchTest<br>Parameters: Y, TC10766-US52619 GLOBAL-SEARCH-SEARCH-FOR-SALUTATION, Mr., n, y, y, y, 100, n, , n, , TAFLastName, TAFFirstName, Profile, INTERN, ADMINISTRATION, , , 1, 1.0, 11</td>
<td></td>
<td>1</td>
<td>globalSearch.SearchTest@5e955596</td></tr>
<tr>
<td title='onCall.NavigateTreesTest.testcases_onCall_NavigateTreesTest()'><b>testcases_onCall_NavigateTreesTest</b><br>Test class: onCall.NavigateTreesTest<br>Parameters: Y, TC23236-US52626 NAVIGATION-ON-CALL-HIDE-AND-SHOW-TREE-BUTTONS, History, 4</td>
<td></td>
<td>6</td>
<td>onCall.NavigateTreesTest@2473b9ce</td></tr>
<tr>
<td title='generalSmartSuite.LoginTest.testcases_generalSmartSuite_LoginTest()'><b>testcases_generalSmartSuite_LoginTest</b><br>Test class: generalSmartSuite.LoginTest<br>Parameters: Y, LOGIN TEST, n, 1</td>
<td></td>
<td>1</td>
<td>generalSmartSuite.LoginTest@48a242ce</td></tr>
<tr>
<td title='personalProfile.Inbox.SearchArchivedMessagesTest.testcases_personalProfile_Inbox_SearchArchivedMessagesTest()'><b>testcases_personalProfile_Inbox_SearchArchivedMessagesTest</b><br>Test class: personalProfile.Inbox.SearchArchivedMessagesTest<br>Parameters: Y, TC10440-TC10441-TC10442-US53506 ARCHIVED-MESSAGES-SEARCH-BY-DATE-MESSAGE-SENDER, 9999, Send Page via 'Quick Page' Link, 9999, , n, 9999, , , 1</td>
<td></td>
<td>30</td>
<td>personalProfile.Inbox.SearchArchivedMessagesTest@1d7acb34</td></tr>
<tr>
<td title='globalSearch.SearchTest.testcases_globalSearch_SearchTest()'><b>testcases_globalSearch_SearchTest</b><br>Test class: globalSearch.SearchTest<br>Parameters: Y, TC10460-US52613 GLOBAL-SEARCH-MAX-ROWS-OF-1, TAFFirstName, n, y, y, y, 1, n, , n, , TAFLastName, TAFFirstName, Profile, INTERN, ADMINISTRATION, , , 1, 1.0, 4</td>
<td></td>
<td>2</td>
<td>globalSearch.SearchTest@5e955596</td></tr>
<tr>
<td title='globalSearch.SearchTest.testcases_globalSearch_SearchTest()'><b>testcases_globalSearch_SearchTest</b><br>Test class: globalSearch.SearchTest<br>Parameters: Y, TC10767-US52620 GLOBAL-SEARCH-SEARCH-FOR-PHONE-NUMBER, 555-666, n, y, y, y, 100, n, , y, 555-666, TAFLastName, TAFFirstName, Profile, INTERN, ADMINISTRATION, , , 1, 1.0, 10</td>
<td></td>
<td>4</td>
<td>globalSearch.SearchTest@5e955596</td></tr>
<tr>
<td title='onCall.SchedulerAssignment.MoveAssignmentTest.testcases_onCall_SchedulerAssignment_MoveAssignmentTest()'><b>testcases_onCall_SchedulerAssignment_MoveAssignmentTest</b><br>Test class: onCall.SchedulerAssignment.MoveAssignmentTest<br>Parameters: Y, TC42748-US52635 ON-CALL-SCHEDULER-ASSIGNMENT-NEXT-DAY, TAFONCALLGROUP, , 9999, next day, 2</td>
<td></td>
<td>53</td>
<td>onCall.SchedulerAssignment.MoveAssignmentTest@2bea5ab4</td></tr>
<tr>
<td title='onCall.NavigateTreesTest.testcases_onCall_NavigateTreesTest()'><b>testcases_onCall_NavigateTreesTest</b><br>Test class: onCall.NavigateTreesTest<br>Parameters: Y, TC23236-US52626 NAVIGATION-ON-CALL-HIDE-AND-SHOW-TREE-BUTTONS, Quick View, 5</td>
<td></td>
<td>6</td>
<td>onCall.NavigateTreesTest@2473b9ce</td></tr>
<tr>
<td title='globalSearch.SearchTest.testcases_globalSearch_SearchTest()'><b>testcases_globalSearch_SearchTest</b><br>Test class: globalSearch.SearchTest<br>Parameters: Y, TC10400-US52607 GLOBAL-SEARCH-REFRESH-TEST, TAFFirstName, y, y, y, y, 100, n, , n, , TAFLastName, TAFFirstName, Profile, INTERN, ADMINISTRATION, , , 1, 1.0, 1</td>
<td></td>
<td>6</td>
<td>globalSearch.SearchTest@5e955596</td></tr>
<tr>
<td title='pagingTab.SearchTest.testcases_pagingTab_SearchTest()'><b>testcases_pagingTab_SearchTest</b><br>Test class: pagingTab.SearchTest<br>Parameters: Y, TC10395-US52638 PAGING-SEARCH-BY-LAST-NAME, , TAFLastName, , , , TAFLastName, TAFFirstName, ADMINISTRATION, IN HOSPITAL ON PAGE, SMTP (Alpha), 9999, 1, 1.0, 1</td>
<td></td>
<td>4</td>
<td>pagingTab.SearchTest@3bd94634</td></tr>
<tr>
<td title='globalSearch.SendPageMessageTest.testcases_globalSearch_SendPageMessageTest()'><b>testcases_globalSearch_SendPageMessageTest</b><br>Test class: globalSearch.SendPageMessageTest<br>Parameters: Y, TC43146-US52623 GLOBAL-SEARCH-PAGING, 9999, 9999, TAFLastName, TAFFirstName, This is a Smart Web Test Message., 1</td>
<td></td>
<td>15</td>
<td>globalSearch.SendPageMessageTest@50de0926</td></tr>
<tr>
<td title='onCall.NavigateTreesTest.testcases_onCall_NavigateTreesTest()'><b>testcases_onCall_NavigateTreesTest</b><br>Test class: onCall.NavigateTreesTest<br>Parameters: Y, TC23236-US52626 NAVIGATION-ON-CALL-HIDE-AND-SHOW-TREE-BUTTONS, Scheduler Assignment, 2</td>
<td></td>
<td>6</td>
<td>onCall.NavigateTreesTest@2473b9ce</td></tr>
<tr>
<td title='personalProfile.SentItems.PageLogSearchTest.testcases_personalProfile_SentItems_PageLogSearchTest()'><b>testcases_personalProfile_SentItems_PageLogSearchTest</b><br>Test class: personalProfile.SentItems.PageLogSearchTest<br>Parameters: Y, TC10419-US52650 PAGE-LOG-SEARCH-BY-DATE, 9999, Oncall History Search Tab Test Message, , 1990, July, 01, 2023, August, 13, Oncall History Search Tab Test Message, 2</td>
<td></td>
<td>11</td>
<td>personalProfile.SentItems.PageLogSearchTest@33b37288</td></tr>
<tr>
<td title='globalSearch.SearchTest.testcases_globalSearch_SearchTest()'><b>testcases_globalSearch_SearchTest</b><br>Test class: globalSearch.SearchTest<br>Parameters: Y, TC10458-US52612 GLOBAL-SEARCH-SEARCH-ALIAS, TestALIAS, n, y, n, n, 100, n, , n, , TAFLastName, TAFFirstName, Profile, INTERN, ADMINISTRATION, , TestALIAS, 1, 1.0, 3</td>
<td></td>
<td>1</td>
<td>globalSearch.SearchTest@5e955596</td></tr>
<tr>
<td title='personalProfile.Profile.AddModifyDeleteInstructionsTest.testcases_personalProfile_Profile_AddModifyDeleteInstructionsTest()'><b>testcases_personalProfile_Profile_AddModifyDeleteInstructionsTest</b><br>Test class: personalProfile.Profile.AddModifyDeleteInstructionsTest<br>Parameters: Y, TC10449-TC9954-TC10450-US53507 PERSONAL-PROFILE-INSTRUCTIONS, , 9999, 2</td>
<td></td>
<td>17</td>
<td>personalProfile.Profile.AddModifyDeleteInstructionsTest@166fa74d</td></tr>
<tr>
<td title='personalProfile.PictureUpload.PictureUploadTest.testcases_personalProfile_PictureUpload_PictureUploadTest()'><b>testcases_personalProfile_PictureUpload_PictureUploadTest</b><br>Test class: personalProfile.PictureUpload.PictureUploadTest<br>Parameters: Y, TC45954-US52654 PICTURE-UPLOAD-IMAGE, /src/main/java/upload/little_chick.jpg, Your picture file has been successfully uploaded!, 2</td>
<td></td>
<td>8</td>
<td>personalProfile.PictureUpload.PictureUploadTest@1188e820</td></tr>
<tr>
<td title='onCall.SchedulerAssignment.ShowListTest.testcases_onCall_SchedulerAssignment_ShowListTest()'><b>testcases_onCall_SchedulerAssignment_ShowListTest</b><br>Test class: onCall.SchedulerAssignment.ShowListTest<br>Parameters: Y, TC42731-US52631 ON-CALL-SHOW-LIST, TAFONCALLGROUP, , 9999, 1</td>
<td></td>
<td>20</td>
<td>onCall.SchedulerAssignment.ShowListTest@2df32bf7</td></tr>
<tr>
<td title='patientInfo.SearchTest.testcases_patientInfo_SearchTest()'><b>testcases_patientInfo_SearchTest</b><br>Test class: patientInfo.SearchTest<br>Parameters: Y, TC43148-US52645 SEARCH-FOR-PATIENT, Bird Flu Bob, Bird Flu Bob, 1</td>
<td></td>
<td>4</td>
<td>patientInfo.SearchTest@74294adb</td></tr>
<tr>
<td title='directorySearch.SearchTest.testcases_directorySearch_SearchTest()'><b>testcases_directorySearch_SearchTest</b><br>Test class: directorySearch.SearchTest<br>Parameters: Y, TC9944-US52601 DIRECTORY-SEARCH-BY-DEPARTMENT, , , , , , ADMINISTRATION, , TAFLastName, TAFFirstName, 555-666 [WORK], INTERN, ADMINISTRATION, TestALIAS, 51, 51.0, 2</td>
<td></td>
<td>3</td>
<td>directorySearch.SearchTest@1ad282e0</td></tr>
<tr>
<td title='directorySearch.SearchTest.testcases_directorySearch_SearchTest()'><b>testcases_directorySearch_SearchTest</b><br>Test class: directorySearch.SearchTest<br>Parameters: Y, TC9941-US52600 DIRECTORY-SEARCH-BY-LAST-NAME, , TAFLastName, , , , , , TAFLastName, TAFFirstName, 555-666 [WORK], INTERN, ADMINISTRATION, TestALIAS, 51, 51.0, 1</td>
<td></td>
<td>9</td>
<td>directorySearch.SearchTest@1ad282e0</td></tr>
<tr>
<td title='onCall.BlockAssignment.CalenderNavigationTest.testcases_onCall_BlockAssignment_CalenderNavigationTest()'><b>testcases_onCall_BlockAssignment_CalenderNavigationTest</b><br>Test class: onCall.BlockAssignment.CalenderNavigationTest<br>Parameters: Y, TC10376-US52624 NAVIGATION-BLOCK-ASSIGNMENT, Forward, 1, 1</td>
<td></td>
<td>8</td>
<td>onCall.BlockAssignment.CalenderNavigationTest@140e5a13</td></tr>
<tr>
<td title='generalSmartSuite.TopRightSearchBarTest.testcases_generalSmartSuite_TopRightSearchBarTest()'><b>testcases_generalSmartSuite_TopRightSearchBarTest</b><br>Test class: generalSmartSuite.TopRightSearchBarTest<br>Parameters: Y, TC10478-US52616 GLOBAL-SEARCH-QUICK-SEARCH-FORM, Paging, TAFFirstName, n, , TAFLastName, TAFFirstName, Profile, INTERN, ADMINISTRATION, , , 1, 1.0, 1</td>
<td></td>
<td>2</td>
<td>generalSmartSuite.TopRightSearchBarTest@4b9e255</td></tr>
<tr>
<td title='onCall.BlockAssignment.CalenderNavigationTest.testcases_onCall_BlockAssignment_CalenderNavigationTest()'><b>testcases_onCall_BlockAssignment_CalenderNavigationTest</b><br>Test class: onCall.BlockAssignment.CalenderNavigationTest<br>Parameters: Y, TC10376-US52624 NAVIGATION-BLOCK-ASSIGNMENT, Backward, 1, 2</td>
<td></td>
<td>8</td>
<td>onCall.BlockAssignment.CalenderNavigationTest@140e5a13</td></tr>
<tr>
<td title='directorySearch.NavigateSearchResultsTest.testcases_directorySearch_NavigateSearchResultsTests()'><b>testcases_directorySearch_NavigateSearchResultsTests</b><br>Test class: directorySearch.NavigateSearchResultsTest<br>Parameters: Y, TC9957-US52627 NAVIGATION-DIRECTORY-PAGE, %%, Displaying 11 - 20 of 54, Displaying 1 - 10 of 54, Displaying 51 - 54 of 54, 1</td>
<td></td>
<td>2</td>
<td>directorySearch.NavigateSearchResultsTest@51b279c9</td></tr>
<tr>
<td title='pagingTab.SearchTest.testcases_pagingTab_SearchTest()'><b>testcases_pagingTab_SearchTest</b><br>Test class: pagingTab.SearchTest<br>Parameters: Y, TC10397-US52640 PAGING-SEARCH-BY-ID, , , , , 9999, TAFLastName, TAFFirstName, ADMINISTRATION, IN HOSPITAL ON PAGE, SMTP (Alpha), 9999, 1, 1.0, 3</td>
<td></td>
<td>4</td>
<td>pagingTab.SearchTest@3bd94634</td></tr>
</table><p>
<table width='100%' border='1' class='invocation-skipped'>
<tr><td colspan='4' align='center'><b>SKIPPED TESTS</b></td></tr>
<tr><td><b>Test method</b></td>
<td width="30%"><b>Exception</b></td>
<td width="10%"><b>Time (seconds)</b></td>
<td><b>Instance</b></td>
</tr>
<tr>
<td title='personalProfile.SentItems.PageLogSearchTest.testcases_personalProfile_SentItems_PageLogSearchTest()'><b>testcases_personalProfile_SentItems_PageLogSearchTest</b><br>Test class: personalProfile.SentItems.PageLogSearchTest<br>Parameters: Y, TC10420-US52651 PAGE-LOG-SEARCH-BY-MESSAGE, 9999, Oncall History Search Tab Test Message, Oncall History, , , , , , , Oncall History Search Tab Test Message, 1</td>
<td><div><pre>java.lang.AssertionError: expected [Able to retrieve the size of the WebElement &quot;List of Search Results&quot;] but found [Error: Unable to retrieve the size of the WebElement &quot;List of Search Results&quot;]
	at utilityClasses.ReportLoggerMethods.getSize(ReportLoggerMethods.java:433)
	at ssWeb.pageMethods.PersonalProfile_SentItemsPage.getSearchResultCount(PersonalProfile_SentItemsPage.java:71)
	at ssWeb.pageMethods.PersonalProfile_SentItemsPage.verifyPageLogSearchResults(PersonalProfile_SentItemsPage.java:85)
	at personalProfile.SentItems.PageLogSearchTest.testcases_personalProfile_SentItems_PageLogSearchTest(PageLogSearchTest.java:77)
	at java.util.ArrayList.forEach(ArrayList.java:1259)
	at java.util.concurrent.FutureTask.run(FutureTask.java:266)
	at java.util.concurrent.ThreadPoolExecutor.runWorker(ThreadPoolExecutor.java:1149)
	at java.util.concurrent.ThreadPoolExecutor$Worker.run(ThreadPoolExecutor.java:624)
	at java.lang.Thread.run(Thread.java:748)
... Removed 24 stack frames</pre></div><a href='#' onClick='toggleBox("stack-trace703300811", this, "Click to show all stack frames", "Click to hide stack frames")'>Click to show all stack frames</a>
<div class='stack-trace' id='stack-trace703300811'><pre>java.lang.AssertionError: expected [Able to retrieve the size of the WebElement &quot;List of Search Results&quot;] but found [Error: Unable to retrieve the size of the WebElement &quot;List of Search Results&quot;]
	at org.testng.Assert.fail(Assert.java:99)
	at org.testng.Assert.failNotEquals(Assert.java:1037)
	at org.testng.Assert.assertEqualsImpl(Assert.java:140)
	at org.testng.Assert.assertEquals(Assert.java:122)
	at org.testng.Assert.assertEquals(Assert.java:629)
	at org.testng.Assert.assertEquals(Assert.java:639)
	at utilityClasses.ReportLoggerMethods.getSize(ReportLoggerMethods.java:433)
	at ssWeb.pageMethods.PersonalProfile_SentItemsPage.getSearchResultCount(PersonalProfile_SentItemsPage.java:71)
	at ssWeb.pageMethods.PersonalProfile_SentItemsPage.verifyPageLogSearchResults(PersonalProfile_SentItemsPage.java:85)
	at personalProfile.SentItems.PageLogSearchTest.testcases_personalProfile_SentItems_PageLogSearchTest(PageLogSearchTest.java:77)
	at sun.reflect.NativeMethodAccessorImpl.invoke0(Native Method)
	at sun.reflect.NativeMethodAccessorImpl.invoke(NativeMethodAccessorImpl.java:62)
	at sun.reflect.DelegatingMethodAccessorImpl.invoke(DelegatingMethodAccessorImpl.java:43)
	at java.lang.reflect.Method.invoke(Method.java:498)
	at org.testng.internal.MethodInvocationHelper.invokeMethod(MethodInvocationHelper.java:133)
	at org.testng.internal.TestInvoker.invokeMethod(TestInvoker.java:598)
	at org.testng.internal.TestInvoker.retryFailed(TestInvoker.java:213)
	at org.testng.internal.MethodRunner.runInSequence(MethodRunner.java:58)
	at org.testng.internal.TestInvoker$MethodInvocationAgent.invoke(TestInvoker.java:824)
	at org.testng.internal.TestInvoker.invokeTestMethods(TestInvoker.java:146)
	at org.testng.internal.TestMethodWorker.invokeTestMethods(TestMethodWorker.java:146)
	at org.testng.internal.TestMethodWorker.run(TestMethodWorker.java:128)
	at java.util.ArrayList.forEach(ArrayList.java:1259)
	at org.testng.TestRunner.privateRun(TestRunner.java:794)
	at org.testng.TestRunner.run(TestRunner.java:596)
	at org.testng.SuiteRunner.runTest(SuiteRunner.java:377)
	at org.testng.SuiteRunner.access$000(SuiteRunner.java:28)
	at org.testng.SuiteRunner$SuiteWorker.run(SuiteRunner.java:418)
	at org.testng.internal.thread.ThreadUtil.lambda$execute$0(ThreadUtil.java:64)
	at java.util.concurrent.FutureTask.run(FutureTask.java:266)
	at java.util.concurrent.ThreadPoolExecutor.runWorker(ThreadPoolExecutor.java:1149)
	at java.util.concurrent.ThreadPoolExecutor$Worker.run(ThreadPoolExecutor.java:624)
	at java.lang.Thread.run(Thread.java:748)
</pre></div></td>
<td>11</td>
<td>personalProfile.SentItems.PageLogSearchTest@33b37288</td></tr>
<tr>
<td title='personalProfile.SentItems.PageLogSearchTest.testcases_personalProfile_SentItems_PageLogSearchTest()'><b>testcases_personalProfile_SentItems_PageLogSearchTest</b><br>Test class: personalProfile.SentItems.PageLogSearchTest<br>Parameters: Y, TC10420-US52651 PAGE-LOG-SEARCH-BY-MESSAGE, 9999, Oncall History Search Tab Test Message, Oncall History, , , , , , , Oncall History Search Tab Test Message, 1</td>
<td><div><pre>java.lang.AssertionError: expected [Able to retrieve the size of the WebElement &quot;List of Search Results&quot;] but found [Error: Unable to retrieve the size of the WebElement &quot;List of Search Results&quot;]
	at utilityClasses.ReportLoggerMethods.getSize(ReportLoggerMethods.java:433)
	at ssWeb.pageMethods.PersonalProfile_SentItemsPage.getSearchResultCount(PersonalProfile_SentItemsPage.java:71)
	at ssWeb.pageMethods.PersonalProfile_SentItemsPage.verifyPageLogSearchResults(PersonalProfile_SentItemsPage.java:85)
	at personalProfile.SentItems.PageLogSearchTest.testcases_personalProfile_SentItems_PageLogSearchTest(PageLogSearchTest.java:77)
	at java.util.ArrayList.forEach(ArrayList.java:1259)
	at java.util.concurrent.FutureTask.run(FutureTask.java:266)
	at java.util.concurrent.ThreadPoolExecutor.runWorker(ThreadPoolExecutor.java:1149)
	at java.util.concurrent.ThreadPoolExecutor$Worker.run(ThreadPoolExecutor.java:624)
	at java.lang.Thread.run(Thread.java:748)
... Removed 24 stack frames</pre></div><a href='#' onClick='toggleBox("stack-trace1483510319", this, "Click to show all stack frames", "Click to hide stack frames")'>Click to show all stack frames</a>
<div class='stack-trace' id='stack-trace1483510319'><pre>java.lang.AssertionError: expected [Able to retrieve the size of the WebElement &quot;List of Search Results&quot;] but found [Error: Unable to retrieve the size of the WebElement &quot;List of Search Results&quot;]
	at org.testng.Assert.fail(Assert.java:99)
	at org.testng.Assert.failNotEquals(Assert.java:1037)
	at org.testng.Assert.assertEqualsImpl(Assert.java:140)
	at org.testng.Assert.assertEquals(Assert.java:122)
	at org.testng.Assert.assertEquals(Assert.java:629)
	at org.testng.Assert.assertEquals(Assert.java:639)
	at utilityClasses.ReportLoggerMethods.getSize(ReportLoggerMethods.java:433)
	at ssWeb.pageMethods.PersonalProfile_SentItemsPage.getSearchResultCount(PersonalProfile_SentItemsPage.java:71)
	at ssWeb.pageMethods.PersonalProfile_SentItemsPage.verifyPageLogSearchResults(PersonalProfile_SentItemsPage.java:85)
	at personalProfile.SentItems.PageLogSearchTest.testcases_personalProfile_SentItems_PageLogSearchTest(PageLogSearchTest.java:77)
	at sun.reflect.NativeMethodAccessorImpl.invoke0(Native Method)
	at sun.reflect.NativeMethodAccessorImpl.invoke(NativeMethodAccessorImpl.java:62)
	at sun.reflect.DelegatingMethodAccessorImpl.invoke(DelegatingMethodAccessorImpl.java:43)
	at java.lang.reflect.Method.invoke(Method.java:498)
	at org.testng.internal.MethodInvocationHelper.invokeMethod(MethodInvocationHelper.java:133)
	at org.testng.internal.TestInvoker.invokeMethod(TestInvoker.java:598)
	at org.testng.internal.TestInvoker.invokeTestMethod(TestInvoker.java:173)
	at org.testng.internal.MethodRunner.runInSequence(MethodRunner.java:46)
	at org.testng.internal.TestInvoker$MethodInvocationAgent.invoke(TestInvoker.java:824)
	at org.testng.internal.TestInvoker.invokeTestMethods(TestInvoker.java:146)
	at org.testng.internal.TestMethodWorker.invokeTestMethods(TestMethodWorker.java:146)
	at org.testng.internal.TestMethodWorker.run(TestMethodWorker.java:128)
	at java.util.ArrayList.forEach(ArrayList.java:1259)
	at org.testng.TestRunner.privateRun(TestRunner.java:794)
	at org.testng.TestRunner.run(TestRunner.java:596)
	at org.testng.SuiteRunner.runTest(SuiteRunner.java:377)
	at org.testng.SuiteRunner.access$000(SuiteRunner.java:28)
	at org.testng.SuiteRunner$SuiteWorker.run(SuiteRunner.java:418)
	at org.testng.internal.thread.ThreadUtil.lambda$execute$0(ThreadUtil.java:64)
	at java.util.concurrent.FutureTask.run(FutureTask.java:266)
	at java.util.concurrent.ThreadPoolExecutor.runWorker(ThreadPoolExecutor.java:1149)
	at java.util.concurrent.ThreadPoolExecutor$Worker.run(ThreadPoolExecutor.java:624)
	at java.lang.Thread.run(Thread.java:748)
</pre></div></td>
<td>11</td>
<td>personalProfile.SentItems.PageLogSearchTest@33b37288</td></tr>
<tr>
<td title='personalProfile.SentItems.PageLogSearchTest.testcases_personalProfile_SentItems_PageLogSearchTest()'><b>testcases_personalProfile_SentItems_PageLogSearchTest</b><br>Test class: personalProfile.SentItems.PageLogSearchTest<br>Parameters: Y, TC10420-US52651 PAGE-LOG-SEARCH-BY-MESSAGE, 9999, Oncall History Search Tab Test Message, Oncall History, , , , , , , Oncall History Search Tab Test Message, 1</td>
<td><div><pre>java.lang.AssertionError: expected [Able to retrieve the size of the WebElement &quot;List of Search Results&quot;] but found [Error: Unable to retrieve the size of the WebElement &quot;List of Search Results&quot;]
	at utilityClasses.ReportLoggerMethods.getSize(ReportLoggerMethods.java:433)
	at ssWeb.pageMethods.PersonalProfile_SentItemsPage.getSearchResultCount(PersonalProfile_SentItemsPage.java:71)
	at ssWeb.pageMethods.PersonalProfile_SentItemsPage.verifyPageLogSearchResults(PersonalProfile_SentItemsPage.java:85)
	at personalProfile.SentItems.PageLogSearchTest.testcases_personalProfile_SentItems_PageLogSearchTest(PageLogSearchTest.java:77)
	at java.util.ArrayList.forEach(ArrayList.java:1259)
	at java.util.concurrent.FutureTask.run(FutureTask.java:266)
	at java.util.concurrent.ThreadPoolExecutor.runWorker(ThreadPoolExecutor.java:1149)
	at java.util.concurrent.ThreadPoolExecutor$Worker.run(ThreadPoolExecutor.java:624)
	at java.lang.Thread.run(Thread.java:748)
... Removed 24 stack frames</pre></div><a href='#' onClick='toggleBox("stack-trace737199007", this, "Click to show all stack frames", "Click to hide stack frames")'>Click to show all stack frames</a>
<div class='stack-trace' id='stack-trace737199007'><pre>java.lang.AssertionError: expected [Able to retrieve the size of the WebElement &quot;List of Search Results&quot;] but found [Error: Unable to retrieve the size of the WebElement &quot;List of Search Results&quot;]
	at org.testng.Assert.fail(Assert.java:99)
	at org.testng.Assert.failNotEquals(Assert.java:1037)
	at org.testng.Assert.assertEqualsImpl(Assert.java:140)
	at org.testng.Assert.assertEquals(Assert.java:122)
	at org.testng.Assert.assertEquals(Assert.java:629)
	at org.testng.Assert.assertEquals(Assert.java:639)
	at utilityClasses.ReportLoggerMethods.getSize(ReportLoggerMethods.java:433)
	at ssWeb.pageMethods.PersonalProfile_SentItemsPage.getSearchResultCount(PersonalProfile_SentItemsPage.java:71)
	at ssWeb.pageMethods.PersonalProfile_SentItemsPage.verifyPageLogSearchResults(PersonalProfile_SentItemsPage.java:85)
	at personalProfile.SentItems.PageLogSearchTest.testcases_personalProfile_SentItems_PageLogSearchTest(PageLogSearchTest.java:77)
	at sun.reflect.NativeMethodAccessorImpl.invoke0(Native Method)
	at sun.reflect.NativeMethodAccessorImpl.invoke(NativeMethodAccessorImpl.java:62)
	at sun.reflect.DelegatingMethodAccessorImpl.invoke(DelegatingMethodAccessorImpl.java:43)
	at java.lang.reflect.Method.invoke(Method.java:498)
	at org.testng.internal.MethodInvocationHelper.invokeMethod(MethodInvocationHelper.java:133)
	at org.testng.internal.TestInvoker.invokeMethod(TestInvoker.java:598)
	at org.testng.internal.TestInvoker.retryFailed(TestInvoker.java:213)
	at org.testng.internal.MethodRunner.runInSequence(MethodRunner.java:58)
	at org.testng.internal.TestInvoker$MethodInvocationAgent.invoke(TestInvoker.java:824)
	at org.testng.internal.TestInvoker.invokeTestMethods(TestInvoker.java:146)
	at org.testng.internal.TestMethodWorker.invokeTestMethods(TestMethodWorker.java:146)
	at org.testng.internal.TestMethodWorker.run(TestMethodWorker.java:128)
	at java.util.ArrayList.forEach(ArrayList.java:1259)
	at org.testng.TestRunner.privateRun(TestRunner.java:794)
	at org.testng.TestRunner.run(TestRunner.java:596)
	at org.testng.SuiteRunner.runTest(SuiteRunner.java:377)
	at org.testng.SuiteRunner.access$000(SuiteRunner.java:28)
	at org.testng.SuiteRunner$SuiteWorker.run(SuiteRunner.java:418)
	at org.testng.internal.thread.ThreadUtil.lambda$execute$0(ThreadUtil.java:64)
	at java.util.concurrent.FutureTask.run(FutureTask.java:266)
	at java.util.concurrent.ThreadPoolExecutor.runWorker(ThreadPoolExecutor.java:1149)
	at java.util.concurrent.ThreadPoolExecutor$Worker.run(ThreadPoolExecutor.java:624)
	at java.lang.Thread.run(Thread.java:748)
</pre></div></td>
<td>11</td>
<td>personalProfile.SentItems.PageLogSearchTest@33b37288</td></tr>
</table><p>
</body>
</html>