<?xml version="1.0" encoding="UTF-8"?>
<!-- Generated by org.testng.reporters.JUnitReportReporter -->
<testsuite hostname="CAMBROSIAS7403" failures="0" tests="1" name="ezNotify.CheckDefaultAdvancedOptionsTest" time="0.417" errors="1" timestamp="2022-07-20T18:06:13 CDT" skipped="0">
  <testcase classname="ezNotify.CheckDefaultAdvancedOptionsTest" name="testcases_DirectorySearch_DetailViewSendPageTest" time="0.417">
    <error message="
[public void ezNotify.CheckDefaultAdvancedOptionsTest.testcases_DirectorySearch_DetailViewSendPageTest(java.lang.String,java.lang.String,java.lang.String,java.lang.String,java.lang.String,java.lang.String,java.lang.String,java.lang.String,java.lang.String,java.lang.String,java.lang.String,java.lang.String)] has no parameters defined but was found to be using a data provider (either explicitly specified or inherited from class level annotation).
Data provider mismatch
Method: testcases_DirectorySearch_DetailViewSendPageTest([Parameter{index=0, type=java.lang.String, declaredAnnotations=[]}, Parameter{index=1, type=java.lang.String, declaredAnnotations=[]}, Parameter{index=2, type=java.lang.String, declaredAnnotations=[]}, Parameter{index=3, type=java.lang.String, declaredAnnotations=[]}, Parameter{index=4, type=java.lang.String, declaredAnnotations=[]}, Parameter{index=5, type=java.lang.String, declaredAnnotations=[]}, Parameter{index=6, type=java.lang.String, declaredAnnotations=[]}, Parameter{index=7, type=java.lang.String, declaredAnnotations=[]}, Parameter{index=8, type=java.lang.String, declaredAnnotations=[]}, Parameter{index=9, type=java.lang.String, declaredAnnotations=[]}, Parameter{index=10, type=java.lang.String, declaredAnnotations=[]}, Parameter{index=11, type=java.lang.String, declaredAnnotations=[]}])
Arguments: [(java.lang.String) Y,(java.lang.String) TC3276-Create New Event - Ability to save template without activating event,(java.lang.String) http://10.50.130.31/eznotify/,(java.lang.String) 9999,(java.lang.String) ,(java.lang.String) OTk5OQ==,(java.lang.String) TC3146d,(java.lang.String) Create New Event - Test Add Select Response Type Options - None,(java.lang.String) short message,(java.lang.String) none,(java.lang.String) ,(java.lang.String) Y,(java.lang.String) n,(java.lang.String) Y,(java.lang.String) TAFLastName, TAFFirstName / [TAF], [TAF] [TAF],(java.lang.String) Y,(java.lang.String) 47,(java.lang.String) Notify all devices simultaneously,(java.lang.String) Y,(java.lang.String) NORMAL,(java.lang.String) n,(java.lang.String) Success - 2022/07/20 15:43:09,(java.lang.String) 1]" type="org.testng.internal.reflect.MethodMatcherException">
      <![CDATA[org.testng.internal.reflect.MethodMatcherException: 
[public void ezNotify.CheckDefaultAdvancedOptionsTest.testcases_DirectorySearch_DetailViewSendPageTest(java.lang.String,java.lang.String,java.lang.String,java.lang.String,java.lang.String,java.lang.String,java.lang.String,java.lang.String,java.lang.String,java.lang.String,java.lang.String,java.lang.String)] has no parameters defined but was found to be using a data provider (either explicitly specified or inherited from class level annotation).
Data provider mismatch
Method: testcases_DirectorySearch_DetailViewSendPageTest([Parameter{index=0, type=java.lang.String, declaredAnnotations=[]}, Parameter{index=1, type=java.lang.String, declaredAnnotations=[]}, Parameter{index=2, type=java.lang.String, declaredAnnotations=[]}, Parameter{index=3, type=java.lang.String, declaredAnnotations=[]}, Parameter{index=4, type=java.lang.String, declaredAnnotations=[]}, Parameter{index=5, type=java.lang.String, declaredAnnotations=[]}, Parameter{index=6, type=java.lang.String, declaredAnnotations=[]}, Parameter{index=7, type=java.lang.String, declaredAnnotations=[]}, Parameter{index=8, type=java.lang.String, declaredAnnotations=[]}, Parameter{index=9, type=java.lang.String, declaredAnnotations=[]}, Parameter{index=10, type=java.lang.String, declaredAnnotations=[]}, Parameter{index=11, type=java.lang.String, declaredAnnotations=[]}])
Arguments: [(java.lang.String) Y,(java.lang.String) TC3276-Create New Event - Ability to save template without activating event,(java.lang.String) http://10.50.130.31/eznotify/,(java.lang.String) 9999,(java.lang.String) ,(java.lang.String) OTk5OQ==,(java.lang.String) TC3146d,(java.lang.String) Create New Event - Test Add Select Response Type Options - None,(java.lang.String) short message,(java.lang.String) none,(java.lang.String) ,(java.lang.String) Y,(java.lang.String) n,(java.lang.String) Y,(java.lang.String) TAFLastName, TAFFirstName / [TAF], [TAF] [TAF],(java.lang.String) Y,(java.lang.String) 47,(java.lang.String) Notify all devices simultaneously,(java.lang.String) Y,(java.lang.String) NORMAL,(java.lang.String) n,(java.lang.String) Success - 2022/07/20 15:43:09,(java.lang.String) 1]
at org.testng.internal.reflect.DataProviderMethodMatcher.getConformingArguments(DataProviderMethodMatcher.java:43)
at org.testng.internal.Parameters.injectParameters(Parameters.java:905)
at org.testng.internal.MethodRunner.runInSequence(MethodRunner.java:34)
at org.testng.internal.TestInvoker$MethodInvocationAgent.invoke(TestInvoker.java:822)
at org.testng.internal.TestInvoker.invokeTestMethods(TestInvoker.java:147)
at org.testng.internal.TestMethodWorker.invokeTestMethods(TestMethodWorker.java:146)
at org.testng.internal.TestMethodWorker.run(TestMethodWorker.java:128)
at java.base/java.util.ArrayList.forEach(ArrayList.java:1511)
at org.testng.TestRunner.privateRun(TestRunner.java:764)
at org.testng.TestRunner.run(TestRunner.java:585)
at org.testng.SuiteRunner.runTest(SuiteRunner.java:384)
at org.testng.SuiteRunner.access$000(SuiteRunner.java:28)
at org.testng.SuiteRunner$SuiteWorker.run(SuiteRunner.java:425)
at org.testng.internal.thread.ThreadUtil.lambda$execute$0(ThreadUtil.java:66)
at java.base/java.util.concurrent.FutureTask.run(FutureTask.java:264)
at java.base/java.util.concurrent.ThreadPoolExecutor.runWorker(ThreadPoolExecutor.java:1130)
at java.base/java.util.concurrent.ThreadPoolExecutor$Worker.run(ThreadPoolExecutor.java:630)
at java.base/java.lang.Thread.run(Thread.java:832)
]]>
    </error>
  </testcase> <!-- testcases_DirectorySearch_DetailViewSendPageTest -->
  <system-out/>
</testsuite> <!-- ezNotify.CheckDefaultAdvancedOptionsTest -->
