<?xml version="1.0" encoding="UTF-8"?>
<!-- Generated by org.testng.reporters.JUnitReportReporter -->
<testsuite hostname="CAMBROSIAS7403" failures="2" tests="8" name="ezNotify.A03ReviewGroupsTest" time="0.593" errors="0" timestamp="2022-11-29T11:34:28 CST" skipped="6">
  <testcase classname="ezNotify.A03ReviewGroupsTest" name="testcases_ezNotify_ReviewGroupsTest" time="0.070">
    <failure message="expected [The WebElement &quot;&#039;Create New Event&#039; Button&quot; was clicked] but found [The WebElement &quot;&#039;Create New Event&#039; Button&quot; is not clickable]" type="java.lang.AssertionError">
      <![CDATA[java.lang.AssertionError: expected [The WebElement "'Create New Event' Button" was clicked] but found [The WebElement "'Create New Event' Button" is not clickable]
at org.testng.Assert.fail(Assert.java:99)
at org.testng.Assert.failNotEquals(Assert.java:1037)
at org.testng.Assert.assertEqualsImpl(Assert.java:140)
at org.testng.Assert.assertEquals(Assert.java:122)
at org.testng.Assert.assertEquals(Assert.java:629)
at org.testng.Assert.assertEquals(Assert.java:639)
at utilityClasses.ReportLoggerMethods.click(ReportLoggerMethods.java:126)
at ezNotify.pageMethods.EZ_CreateEventPage.viewGroupDirectoryInfo(EZ_CreateEventPage.java:1006)
at ezNotify.A03ReviewGroupsTest.testcases_ezNotify_ReviewGroupsTest(A03ReviewGroupsTest.java:59)
at java.base/jdk.internal.reflect.NativeMethodAccessorImpl.invoke0(Native Method)
at java.base/jdk.internal.reflect.NativeMethodAccessorImpl.invoke(NativeMethodAccessorImpl.java:64)
at java.base/jdk.internal.reflect.DelegatingMethodAccessorImpl.invoke(DelegatingMethodAccessorImpl.java:43)
at java.base/java.lang.reflect.Method.invoke(Method.java:564)
at org.testng.internal.MethodInvocationHelper.invokeMethod(MethodInvocationHelper.java:132)
at org.testng.internal.TestInvoker.invokeMethod(TestInvoker.java:599)
at org.testng.internal.TestInvoker.retryFailed(TestInvoker.java:214)
at org.testng.internal.MethodRunner.runInSequence(MethodRunner.java:58)
at org.testng.internal.TestInvoker$MethodInvocationAgent.invoke(TestInvoker.java:822)
at org.testng.internal.TestInvoker.invokeTestMethods(TestInvoker.java:147)
at org.testng.internal.TestMethodWorker.invokeTestMethods(TestMethodWorker.java:146)
at org.testng.internal.TestMethodWorker.run(TestMethodWorker.java:128)
at java.base/java.util.ArrayList.forEach(ArrayList.java:1511)
at org.testng.TestRunner.privateRun(TestRunner.java:764)
at org.testng.TestRunner.run(TestRunner.java:585)
at org.testng.SuiteRunner.runTest(SuiteRunner.java:384)
at org.testng.SuiteRunner.access$000(SuiteRunner.java:28)
at org.testng.SuiteRunner$SuiteWorker.run(SuiteRunner.java:425)
at org.testng.internal.thread.ThreadUtil.lambda$execute$0(ThreadUtil.java:66)
at java.base/java.util.concurrent.FutureTask.run(FutureTask.java:264)
at java.base/java.util.concurrent.ThreadPoolExecutor.runWorker(ThreadPoolExecutor.java:1130)
at java.base/java.util.concurrent.ThreadPoolExecutor$Worker.run(ThreadPoolExecutor.java:630)
at java.base/java.lang.Thread.run(Thread.java:832)
]]>
    </failure>
  </testcase> <!-- testcases_ezNotify_ReviewGroupsTest -->
  <system-out/>
  <testcase classname="ezNotify.A03ReviewGroupsTest" name="testcases_ezNotify_ReviewGroupsTest" time="0.073">
    <skipped/>
  </testcase> <!-- testcases_ezNotify_ReviewGroupsTest -->
  <system-out/>
  <testcase classname="ezNotify.A03ReviewGroupsTest" name="testcases_ezNotify_ReviewGroupsTest" time="0.072">
    <skipped/>
  </testcase> <!-- testcases_ezNotify_ReviewGroupsTest -->
  <system-out/>
  <testcase classname="ezNotify.A03ReviewGroupsTest" name="testcases_ezNotify_ReviewGroupsTest" time="0.078">
    <skipped/>
  </testcase> <!-- testcases_ezNotify_ReviewGroupsTest -->
  <system-out/>
  <testcase classname="ezNotify.A03ReviewGroupsTest" name="testcases_ezNotify_ReviewGroupsTest" time="0.069">
    <skipped/>
  </testcase> <!-- testcases_ezNotify_ReviewGroupsTest -->
  <system-out/>
  <testcase classname="ezNotify.A03ReviewGroupsTest" name="testcases_ezNotify_ReviewGroupsTest" time="0.080">
    <skipped/>
  </testcase> <!-- testcases_ezNotify_ReviewGroupsTest -->
  <system-out/>
  <testcase classname="ezNotify.A03ReviewGroupsTest" name="testcases_ezNotify_ReviewGroupsTest" time="0.078">
    <skipped/>
  </testcase> <!-- testcases_ezNotify_ReviewGroupsTest -->
  <system-out/>
  <testcase classname="ezNotify.A03ReviewGroupsTest" name="testcases_ezNotify_ReviewGroupsTest" time="0.073">
    <failure message="expected [The WebElement &quot;&#039;Create New Event&#039; Button&quot; was clicked] but found [The WebElement &quot;&#039;Create New Event&#039; Button&quot; is not clickable]" type="java.lang.AssertionError">
      <![CDATA[java.lang.AssertionError: expected [The WebElement "'Create New Event' Button" was clicked] but found [The WebElement "'Create New Event' Button" is not clickable]
at org.testng.Assert.fail(Assert.java:99)
at org.testng.Assert.failNotEquals(Assert.java:1037)
at org.testng.Assert.assertEqualsImpl(Assert.java:140)
at org.testng.Assert.assertEquals(Assert.java:122)
at org.testng.Assert.assertEquals(Assert.java:629)
at org.testng.Assert.assertEquals(Assert.java:639)
at utilityClasses.ReportLoggerMethods.click(ReportLoggerMethods.java:126)
at ezNotify.pageMethods.EZ_CreateEventPage.viewGroupDirectoryInfo(EZ_CreateEventPage.java:1006)
at ezNotify.A03ReviewGroupsTest.testcases_ezNotify_ReviewGroupsTest(A03ReviewGroupsTest.java:59)
at java.base/jdk.internal.reflect.NativeMethodAccessorImpl.invoke0(Native Method)
at java.base/jdk.internal.reflect.NativeMethodAccessorImpl.invoke(NativeMethodAccessorImpl.java:64)
at java.base/jdk.internal.reflect.DelegatingMethodAccessorImpl.invoke(DelegatingMethodAccessorImpl.java:43)
at java.base/java.lang.reflect.Method.invoke(Method.java:564)
at org.testng.internal.MethodInvocationHelper.invokeMethod(MethodInvocationHelper.java:132)
at org.testng.internal.TestInvoker.invokeMethod(TestInvoker.java:599)
at org.testng.internal.TestInvoker.retryFailed(TestInvoker.java:214)
at org.testng.internal.MethodRunner.runInSequence(MethodRunner.java:58)
at org.testng.internal.TestInvoker$MethodInvocationAgent.invoke(TestInvoker.java:822)
at org.testng.internal.TestInvoker.invokeTestMethods(TestInvoker.java:147)
at org.testng.internal.TestMethodWorker.invokeTestMethods(TestMethodWorker.java:146)
at org.testng.internal.TestMethodWorker.run(TestMethodWorker.java:128)
at java.base/java.util.ArrayList.forEach(ArrayList.java:1511)
at org.testng.TestRunner.privateRun(TestRunner.java:764)
at org.testng.TestRunner.run(TestRunner.java:585)
at org.testng.SuiteRunner.runTest(SuiteRunner.java:384)
at org.testng.SuiteRunner.access$000(SuiteRunner.java:28)
at org.testng.SuiteRunner$SuiteWorker.run(SuiteRunner.java:425)
at org.testng.internal.thread.ThreadUtil.lambda$execute$0(ThreadUtil.java:66)
at java.base/java.util.concurrent.FutureTask.run(FutureTask.java:264)
at java.base/java.util.concurrent.ThreadPoolExecutor.runWorker(ThreadPoolExecutor.java:1130)
at java.base/java.util.concurrent.ThreadPoolExecutor$Worker.run(ThreadPoolExecutor.java:630)
at java.base/java.lang.Thread.run(Thread.java:832)
]]>
    </failure>
  </testcase> <!-- testcases_ezNotify_ReviewGroupsTest -->
  <system-out/>
</testsuite> <!-- ezNotify.A03ReviewGroupsTest -->
